[error] Failed to fetch Firebase Project from Studio Workspace because WORKSPACE_SLUG environment variable is empty
[error] Failed to fetch Firebase Project from Studio Workspace because WORKSPACE_SLUG environment variable is empty
[debug] [2025-09-15T01:48:02.396Z] Checked if tokens are valid: false, expires at: 1757891861991
[debug] [2025-09-15T01:48:02.396Z] Checked if tokens are valid: false, expires at: 1757891861991
[debug] [2025-09-15T01:48:02.397Z] > refreshing access token with scopes: []
[debug] [2025-09-15T01:48:02.400Z] >>> [apiv2][query] POST https://www.googleapis.com/oauth2/v3/token [none]
[debug] [2025-09-15T01:48:02.400Z] >>> [apiv2][body] POST https://www.googleapis.com/oauth2/v3/token [omitted]
[debug] [2025-09-15T01:48:02.452Z] Checked if tokens are valid: false, expires at: 1757891861991
[debug] [2025-09-15T01:48:02.453Z] Checked if tokens are valid: false, expires at: 1757891861991
[debug] [2025-09-15T01:48:02.453Z] > refreshing access token with scopes: []
[debug] [2025-09-15T01:48:02.454Z] >>> [apiv2][query] POST https://www.googleapis.com/oauth2/v3/token [none]
[debug] [2025-09-15T01:48:02.454Z] >>> [apiv2][body] POST https://www.googleapis.com/oauth2/v3/token [omitted]
[debug] [2025-09-15T01:48:02.458Z] Checked if tokens are valid: false, expires at: 1757891861991
[debug] [2025-09-15T01:48:02.458Z] Checked if tokens are valid: false, expires at: 1757891861991
[debug] [2025-09-15T01:48:02.459Z] > refreshing access token with scopes: []
[debug] [2025-09-15T01:48:02.460Z] >>> [apiv2][query] POST https://www.googleapis.com/oauth2/v3/token [none]
[debug] [2025-09-15T01:48:02.460Z] >>> [apiv2][body] POST https://www.googleapis.com/oauth2/v3/token [omitted]
[debug] [2025-09-15T01:48:02.462Z] Checked if tokens are valid: false, expires at: 1757891861991
[debug] [2025-09-15T01:48:02.463Z] Checked if tokens are valid: false, expires at: 1757891861991
[debug] [2025-09-15T01:48:02.463Z] > refreshing access token with scopes: []
[debug] [2025-09-15T01:48:02.463Z] >>> [apiv2][query] POST https://www.googleapis.com/oauth2/v3/token [none]
[debug] [2025-09-15T01:48:02.463Z] >>> [apiv2][body] POST https://www.googleapis.com/oauth2/v3/token [omitted]
[debug] [2025-09-15T01:48:02.466Z] Checked if tokens are valid: false, expires at: 1757891861991
[debug] [2025-09-15T01:48:02.466Z] Checked if tokens are valid: false, expires at: 1757891861991
[debug] [2025-09-15T01:48:02.466Z] > refreshing access token with scopes: []
[debug] [2025-09-15T01:48:02.466Z] >>> [apiv2][query] POST https://www.googleapis.com/oauth2/v3/token [none]
[debug] [2025-09-15T01:48:02.466Z] >>> [apiv2][body] POST https://www.googleapis.com/oauth2/v3/token [omitted]
[error] Failed to fetch Firebase Project from Studio Workspace because WORKSPACE_SLUG environment variable is empty
[error] Failed to fetch Firebase Project from Studio Workspace because WORKSPACE_SLUG environment variable is empty
[debug] [2025-09-15T01:48:02.577Z] Checked if tokens are valid: false, expires at: 1757891861991
[debug] [2025-09-15T01:48:02.577Z] Checked if tokens are valid: false, expires at: 1757891861991
[debug] [2025-09-15T01:48:02.577Z] > refreshing access token with scopes: []
[debug] [2025-09-15T01:48:02.578Z] >>> [apiv2][query] POST https://www.googleapis.com/oauth2/v3/token [none]
[debug] [2025-09-15T01:48:02.578Z] >>> [apiv2][body] POST https://www.googleapis.com/oauth2/v3/token [omitted]
[debug] [2025-09-15T01:48:02.580Z] Checked if tokens are valid: false, expires at: 1757891861991
[debug] [2025-09-15T01:48:02.580Z] Checked if tokens are valid: false, expires at: 1757891861991
[debug] [2025-09-15T01:48:02.580Z] > refreshing access token with scopes: []
[debug] [2025-09-15T01:48:02.581Z] >>> [apiv2][query] POST https://www.googleapis.com/oauth2/v3/token [none]
[debug] [2025-09-15T01:48:02.581Z] >>> [apiv2][body] POST https://www.googleapis.com/oauth2/v3/token [omitted]
[debug] [2025-09-15T01:48:02.584Z] Checked if tokens are valid: false, expires at: 1757891861991
[debug] [2025-09-15T01:48:02.584Z] Checked if tokens are valid: false, expires at: 1757891861991
[debug] [2025-09-15T01:48:02.584Z] > refreshing access token with scopes: []
[debug] [2025-09-15T01:48:02.585Z] >>> [apiv2][query] POST https://www.googleapis.com/oauth2/v3/token [none]
[debug] [2025-09-15T01:48:02.585Z] >>> [apiv2][body] POST https://www.googleapis.com/oauth2/v3/token [omitted]
[debug] [2025-09-15T01:48:02.587Z] Checked if tokens are valid: false, expires at: 1757891861991
[debug] [2025-09-15T01:48:02.587Z] Checked if tokens are valid: false, expires at: 1757891861991
[debug] [2025-09-15T01:48:02.587Z] > refreshing access token with scopes: []
[debug] [2025-09-15T01:48:02.587Z] >>> [apiv2][query] POST https://www.googleapis.com/oauth2/v3/token [none]
[debug] [2025-09-15T01:48:02.587Z] >>> [apiv2][body] POST https://www.googleapis.com/oauth2/v3/token [omitted]
[debug] [2025-09-15T01:48:02.590Z] Checked if tokens are valid: false, expires at: 1757891861991
[debug] [2025-09-15T01:48:02.591Z] Checked if tokens are valid: false, expires at: 1757891861991
[debug] [2025-09-15T01:48:02.591Z] > refreshing access token with scopes: []
[debug] [2025-09-15T01:48:02.591Z] >>> [apiv2][query] POST https://www.googleapis.com/oauth2/v3/token [none]
[debug] [2025-09-15T01:48:02.591Z] >>> [apiv2][body] POST https://www.googleapis.com/oauth2/v3/token [omitted]
[debug] [2025-09-15T01:48:02.652Z] <<< [apiv2][status] POST https://www.googleapis.com/oauth2/v3/token 200
[debug] [2025-09-15T01:48:02.652Z] <<< [apiv2][body] POST https://www.googleapis.com/oauth2/v3/token [omitted]
[debug] [2025-09-15T01:48:02.677Z] >>> [apiv2][query] GET https://serviceusage.googleapis.com/v1/projects/ai-powered-job-search-3cb05/services/firebasecrashlytics.googleapis.com [none]
[debug] [2025-09-15T01:48:02.677Z] >>> [apiv2][(partial)header] GET https://serviceusage.googleapis.com/v1/projects/ai-powered-job-search-3cb05/services/firebasecrashlytics.googleapis.com x-goog-quota-user=projects/ai-powered-job-search-3cb05
[debug] [2025-09-15T01:48:02.698Z] <<< [apiv2][status] POST https://www.googleapis.com/oauth2/v3/token 200
[debug] [2025-09-15T01:48:02.699Z] <<< [apiv2][body] POST https://www.googleapis.com/oauth2/v3/token [omitted]
[debug] [2025-09-15T01:48:02.721Z] >>> [apiv2][query] GET https://serviceusage.googleapis.com/v1/projects/ai-powered-job-search-3cb05/services/firebaseapphosting.googleapis.com [none]
[debug] [2025-09-15T01:48:02.722Z] >>> [apiv2][(partial)header] GET https://serviceusage.googleapis.com/v1/projects/ai-powered-job-search-3cb05/services/firebaseapphosting.googleapis.com x-goog-quota-user=projects/ai-powered-job-search-3cb05
[debug] [2025-09-15T01:48:02.755Z] <<< [apiv2][status] POST https://www.googleapis.com/oauth2/v3/token 200
[debug] [2025-09-15T01:48:02.755Z] <<< [apiv2][body] POST https://www.googleapis.com/oauth2/v3/token [omitted]
[debug] [2025-09-15T01:48:02.775Z] >>> [apiv2][query] GET https://serviceusage.googleapis.com/v1/projects/ai-powered-job-search-3cb05/services/ [none]
[debug] [2025-09-15T01:48:02.775Z] >>> [apiv2][(partial)header] GET https://serviceusage.googleapis.com/v1/projects/ai-powered-job-search-3cb05/services/ x-goog-quota-user=projects/ai-powered-job-search-3cb05
[debug] [2025-09-15T01:48:02.800Z] <<< [apiv2][status] POST https://www.googleapis.com/oauth2/v3/token 200
[debug] [2025-09-15T01:48:02.803Z] <<< [apiv2][body] POST https://www.googleapis.com/oauth2/v3/token [omitted]
[debug] [2025-09-15T01:48:02.821Z] >>> [apiv2][query] GET https://serviceusage.googleapis.com/v1/projects/ai-powered-job-search-3cb05/services/firebasedataconnect.googleapis.com [none]
[debug] [2025-09-15T01:48:02.822Z] >>> [apiv2][(partial)header] GET https://serviceusage.googleapis.com/v1/projects/ai-powered-job-search-3cb05/services/firebasedataconnect.googleapis.com x-goog-quota-user=projects/ai-powered-job-search-3cb05
[debug] [2025-09-15T01:48:02.825Z] <<< [apiv2][status] POST https://www.googleapis.com/oauth2/v3/token 200
[debug] [2025-09-15T01:48:02.825Z] <<< [apiv2][body] POST https://www.googleapis.com/oauth2/v3/token [omitted]
[debug] [2025-09-15T01:48:02.837Z] >>> [apiv2][query] GET https://serviceusage.googleapis.com/v1/projects/ai-powered-job-search-3cb05/services/ [none]
[debug] [2025-09-15T01:48:02.838Z] >>> [apiv2][(partial)header] GET https://serviceusage.googleapis.com/v1/projects/ai-powered-job-search-3cb05/services/ x-goog-quota-user=projects/ai-powered-job-search-3cb05
[debug] [2025-09-15T01:48:02.866Z] <<< [apiv2][status] POST https://www.googleapis.com/oauth2/v3/token 200
[debug] [2025-09-15T01:48:02.868Z] <<< [apiv2][body] POST https://www.googleapis.com/oauth2/v3/token [omitted]
[debug] [2025-09-15T01:48:02.885Z] >>> [apiv2][query] GET https://serviceusage.googleapis.com/v1/projects/ai-powered-job-search-3cb05/services/firebasedataconnect.googleapis.com [none]
[debug] [2025-09-15T01:48:02.885Z] >>> [apiv2][(partial)header] GET https://serviceusage.googleapis.com/v1/projects/ai-powered-job-search-3cb05/services/firebasedataconnect.googleapis.com x-goog-quota-user=projects/ai-powered-job-search-3cb05
[debug] [2025-09-15T01:48:02.887Z] <<< [apiv2][status] POST https://www.googleapis.com/oauth2/v3/token 200
[debug] [2025-09-15T01:48:02.887Z] <<< [apiv2][body] POST https://www.googleapis.com/oauth2/v3/token [omitted]
[debug] [2025-09-15T01:48:02.900Z] >>> [apiv2][query] GET https://serviceusage.googleapis.com/v1/projects/ai-powered-job-search-3cb05/services/firebaseapphosting.googleapis.com [none]
[debug] [2025-09-15T01:48:02.900Z] >>> [apiv2][(partial)header] GET https://serviceusage.googleapis.com/v1/projects/ai-powered-job-search-3cb05/services/firebaseapphosting.googleapis.com x-goog-quota-user=projects/ai-powered-job-search-3cb05
[debug] [2025-09-15T01:48:02.906Z] <<< [apiv2][status] POST https://www.googleapis.com/oauth2/v3/token 200
[debug] [2025-09-15T01:48:02.912Z] <<< [apiv2][body] POST https://www.googleapis.com/oauth2/v3/token [omitted]
[debug] [2025-09-15T01:48:02.928Z] >>> [apiv2][query] GET https://serviceusage.googleapis.com/v1/projects/ai-powered-job-search-3cb05/services/firebaseio.com [none]
[debug] [2025-09-15T01:48:02.929Z] >>> [apiv2][(partial)header] GET https://serviceusage.googleapis.com/v1/projects/ai-powered-job-search-3cb05/services/firebaseio.com x-goog-quota-user=projects/ai-powered-job-search-3cb05
[debug] [2025-09-15T01:48:02.931Z] <<< [apiv2][status] POST https://www.googleapis.com/oauth2/v3/token 200
[debug] [2025-09-15T01:48:02.932Z] <<< [apiv2][body] POST https://www.googleapis.com/oauth2/v3/token [omitted]
[debug] [2025-09-15T01:48:02.943Z] >>> [apiv2][query] GET https://serviceusage.googleapis.com/v1/projects/ai-powered-job-search-3cb05/services/firebasecrashlytics.googleapis.com [none]
[debug] [2025-09-15T01:48:02.943Z] >>> [apiv2][(partial)header] GET https://serviceusage.googleapis.com/v1/projects/ai-powered-job-search-3cb05/services/firebasecrashlytics.googleapis.com x-goog-quota-user=projects/ai-powered-job-search-3cb05
[debug] [2025-09-15T01:48:02.966Z] <<< [apiv2][status] POST https://www.googleapis.com/oauth2/v3/token 200
[debug] [2025-09-15T01:48:02.967Z] <<< [apiv2][body] POST https://www.googleapis.com/oauth2/v3/token [omitted]
[debug] [2025-09-15T01:48:02.987Z] >>> [apiv2][query] GET https://serviceusage.googleapis.com/v1/projects/ai-powered-job-search-3cb05/services/firebaseio.com [none]
[debug] [2025-09-15T01:48:02.987Z] >>> [apiv2][(partial)header] GET https://serviceusage.googleapis.com/v1/projects/ai-powered-job-search-3cb05/services/firebaseio.com x-goog-quota-user=projects/ai-powered-job-search-3cb05
[debug] [2025-09-15T01:48:03.070Z] <<< [apiv2][status] GET https://serviceusage.googleapis.com/v1/projects/ai-powered-job-search-3cb05/services/firebasecrashlytics.googleapis.com 200
[debug] [2025-09-15T01:48:03.070Z] <<< [apiv2][body] GET https://serviceusage.googleapis.com/v1/projects/ai-powered-job-search-3cb05/services/firebasecrashlytics.googleapis.com [omitted]
[debug] [2025-09-15T01:48:03.101Z] <<< [apiv2][status] GET https://serviceusage.googleapis.com/v1/projects/ai-powered-job-search-3cb05/services/firebaseapphosting.googleapis.com 200
[debug] [2025-09-15T01:48:03.102Z] <<< [apiv2][body] GET https://serviceusage.googleapis.com/v1/projects/ai-powered-job-search-3cb05/services/firebaseapphosting.googleapis.com [omitted]
[debug] [2025-09-15T01:48:03.121Z] <<< [apiv2][status] GET https://serviceusage.googleapis.com/v1/projects/ai-powered-job-search-3cb05/services/firebasedataconnect.googleapis.com 200
[debug] [2025-09-15T01:48:03.122Z] <<< [apiv2][body] GET https://serviceusage.googleapis.com/v1/projects/ai-powered-job-search-3cb05/services/firebasedataconnect.googleapis.com [omitted]
[debug] [2025-09-15T01:48:03.158Z] <<< [apiv2][status] GET https://serviceusage.googleapis.com/v1/projects/ai-powered-job-search-3cb05/services/firebaseio.com 403
[debug] [2025-09-15T01:48:03.159Z] <<< [apiv2][body] GET https://serviceusage.googleapis.com/v1/projects/ai-powered-job-search-3cb05/services/firebaseio.com [omitted]
[debug] [2025-09-15T01:48:03.168Z] <<< [apiv2][status] GET https://serviceusage.googleapis.com/v1/projects/ai-powered-job-search-3cb05/services/firebaseio.com 403
[debug] [2025-09-15T01:48:03.168Z] <<< [apiv2][body] GET https://serviceusage.googleapis.com/v1/projects/ai-powered-job-search-3cb05/services/firebaseio.com [omitted]
[debug] [2025-09-15T01:48:03.268Z] <<< [apiv2][status] GET https://serviceusage.googleapis.com/v1/projects/ai-powered-job-search-3cb05/services/firebaseapphosting.googleapis.com 200
[debug] [2025-09-15T01:48:03.270Z] <<< [apiv2][body] GET https://serviceusage.googleapis.com/v1/projects/ai-powered-job-search-3cb05/services/firebaseapphosting.googleapis.com [omitted]
[debug] [2025-09-15T01:48:03.283Z] <<< [apiv2][status] GET https://serviceusage.googleapis.com/v1/projects/ai-powered-job-search-3cb05/services/firebasedataconnect.googleapis.com 200
[debug] [2025-09-15T01:48:03.283Z] <<< [apiv2][body] GET https://serviceusage.googleapis.com/v1/projects/ai-powered-job-search-3cb05/services/firebasedataconnect.googleapis.com [omitted]
[debug] [2025-09-15T01:48:03.307Z] <<< [apiv2][status] GET https://serviceusage.googleapis.com/v1/projects/ai-powered-job-search-3cb05/services/firebasecrashlytics.googleapis.com 200
[debug] [2025-09-15T01:48:03.307Z] <<< [apiv2][body] GET https://serviceusage.googleapis.com/v1/projects/ai-powered-job-search-3cb05/services/firebasecrashlytics.googleapis.com [omitted]
[debug] [2025-09-15T01:48:03.345Z] <<< [apiv2][status] GET https://serviceusage.googleapis.com/v1/projects/ai-powered-job-search-3cb05/services/ 200
[debug] [2025-09-15T01:48:03.345Z] <<< [apiv2][body] GET https://serviceusage.googleapis.com/v1/projects/ai-powered-job-search-3cb05/services/ [omitted]
[debug] [2025-09-15T01:48:03.373Z] <<< [apiv2][status] GET https://serviceusage.googleapis.com/v1/projects/ai-powered-job-search-3cb05/services/ 200
[debug] [2025-09-15T01:48:03.375Z] <<< [apiv2][body] GET https://serviceusage.googleapis.com/v1/projects/ai-powered-job-search-3cb05/services/ [omitted]
[error] Failed to fetch Firebase Project from Studio Workspace because WORKSPACE_SLUG environment variable is empty
[error] Failed to fetch Firebase Project from Studio Workspace because WORKSPACE_SLUG environment variable is empty
[debug] [2025-09-15T01:48:03.380Z] > command requires scopes: ["email","openid","https://www.googleapis.com/auth/cloudplatformprojects.readonly","https://www.googleapis.com/auth/firebase","https://www.googleapis.com/auth/cloud-platform","https://www.googleapis.com/auth/userinfo.email"]
[debug] [2025-09-15T01:48:03.380Z] > authorizing via signed-in user (info@edgehit.ca)
[error] Failed to fetch Firebase Project from Studio Workspace because WORKSPACE_SLUG environment variable is empty
[error] Failed to fetch Firebase Project from Studio Workspace because WORKSPACE_SLUG environment variable is empty
[debug] [2025-09-15T01:48:03.400Z] > command requires scopes: ["email","openid","https://www.googleapis.com/auth/cloudplatformprojects.readonly","https://www.googleapis.com/auth/firebase","https://www.googleapis.com/auth/cloud-platform","https://www.googleapis.com/auth/userinfo.email"]
[debug] [2025-09-15T01:48:03.400Z] > authorizing via signed-in user (info@edgehit.ca)
